<?xml version="1.0" encoding="UTF-8"?>
<testng-results skipped="0" failed="0" ignored="0" total="2" passed="2">
  <reporter-output>
  </reporter-output>
  <suite name="Suite" duration-ms="7710" started-at="2017-12-20T05:27:39Z" finished-at="2017-12-20T05:27:47Z">
    <groups>
    </groups>
    <test name="Test" duration-ms="7710" started-at="2017-12-20T05:27:39Z" finished-at="2017-12-20T05:27:47Z">
      <class name="example1.ClassTest1">
        <test-method status="PASS" signature="sucess()[pri:0, instance:example1.ClassTest1@42d3bd8b]" name="sucess" duration-ms="7679" started-at="2017-12-20T10:57:40Z" finished-at="2017-12-20T10:57:47Z">
          <reporter-output>
          </reporter-output>
        </test-method> <!-- sucess -->
      </class> <!-- example1.ClassTest1 -->
    </test> <!-- Test -->
  </suite> <!-- Suite -->
  <suite name="Suite (0)" duration-ms="9697" started-at="2017-12-20T05:27:47Z" finished-at="2017-12-20T05:27:57Z">
    <groups>
    </groups>
    <test name="Test" duration-ms="9697" started-at="2017-12-20T05:27:47Z" finished-at="2017-12-20T05:27:57Z">
      <class name="example1.ClassTest2">
        <test-method status="PASS" signature="sucess2()[pri:0, instance:example1.ClassTest2@6be46e8f]" name="sucess2" duration-ms="9697" started-at="2017-12-20T10:57:47Z" finished-at="2017-12-20T10:57:57Z">
          <reporter-output>
          </reporter-output>
        </test-method> <!-- sucess2 -->
      </class> <!-- example1.ClassTest2 -->
    </test> <!-- Test -->
  </suite> <!-- Suite (0) -->
</testng-results>
