<?xml version="1.0" encoding="UTF-8"?>
<testng-results skipped="0" failed="0" ignored="0" total="1" passed="1">
  <reporter-output>
  </reporter-output>
  <suite name="Default suite" duration-ms="12865" started-at="2017-12-20T12:35:11Z" finished-at="2017-12-20T12:35:24Z">
    <groups>
    </groups>
    <test name="Default test" duration-ms="12865" started-at="2017-12-20T12:35:11Z" finished-at="2017-12-20T12:35:24Z">
      <class name="example1.ClassTest1">
        <test-method status="PASS" signature="sucess()[pri:0, instance:example1.ClassTest1@66a3ffec]" name="sucess" duration-ms="12650" started-at="2017-12-20T18:05:11Z" finished-at="2017-12-20T18:05:24Z">
          <reporter-output>
          </reporter-output>
        </test-method> <!-- sucess -->
      </class> <!-- example1.ClassTest1 -->
    </test> <!-- Default test -->
  </suite> <!-- Default suite -->
</testng-results>
